0 info it worked if it ends with ok
1 verbose cli [ 'c:\\Program Files (x86)\\nodejs\\node.exe',
1 verbose cli   'c:\\Program Files (x86)\\nodejs\\node_modules\\npm\\bin\\npm-cli.js',
1 verbose cli   'start' ]
2 info using npm@2.14.12
3 info using node@v4.3.2
4 verbose stack Error: Failed to parse json
4 verbose stack Trailing comma in object at 31:3
4 verbose stack   }
4 verbose stack   ^
4 verbose stack     at parseError (c:\Program Files (x86)\nodejs\node_modules\npm\node_modules\read-package-json\read-json.js:379:11)
4 verbose stack     at parseJson (c:\Program Files (x86)\nodejs\node_modules\npm\node_modules\read-package-json\read-json.js:68:23)
4 verbose stack     at c:\Program Files (x86)\nodejs\node_modules\npm\node_modules\read-package-json\read-json.js:48:5
4 verbose stack     at c:\Program Files (x86)\nodejs\node_modules\npm\node_modules\graceful-fs\graceful-fs.js:76:16
4 verbose stack     at FSReqWrap.readFileAfterClose [as oncomplete] (fs.js:380:3)
5 verbose cwd d:\work\openhack\ux-pal\app
6 error Windows_NT 10.0.10586
7 error argv "c:\\Program Files (x86)\\nodejs\\node.exe" "c:\\Program Files (x86)\\nodejs\\node_modules\\npm\\bin\\npm-cli.js" "start"
8 error node v4.3.2
9 error npm  v2.14.12
10 error file d:\work\openhack\ux-pal\package.json
11 error code EJSONPARSE
12 error Failed to parse json
12 error Trailing comma in object at 31:3
12 error   }
12 error   ^
13 error File: d:\work\openhack\ux-pal\package.json
14 error Failed to parse package.json data.
14 error package.json must be actual JSON, not just JavaScript.
14 error
14 error This is not a bug in npm.
14 error Tell the package author to fix their package.json file. JSON.parse
15 verbose exit [ 1, true ]
